<?xml version="1.0" encoding="UTF-8"?>
<!-- Generated by org.testng.reporters.JUnitReportReporter -->
<testsuite hostname="DESKTOP-F85V01K" failures="0" tests="1" name="robotclassAndManagewindows.RobotClassExample" time="11.792" errors="0" timestamp="2023-12-04T14:11:16 IST" skipped="0">
  <testcase classname="robotclassAndManagewindows.RobotClassExample" name="Testloginpage" time="11.792"/>
</testsuite> <!-- robotclassAndManagewindows.RobotClassExample -->
