<?xml version="1.0" encoding="UTF-8"?>
<!-- Generated by org.testng.reporters.JUnitReportReporter -->
<testsuite hostname="DESKTOP-F85V01K" failures="0" tests="1" name="seleniumExamples.Screenshitclass" time="3.720" errors="0" timestamp="2023-12-01T16:11:31 IST" skipped="0">
  <testcase classname="seleniumExamples.Screenshitclass" name="Screenshot" time="3.720"/>
</testsuite> <!-- seleniumExamples.Screenshitclass -->
