<?xml version="1.0" encoding="UTF-8"?>
<!-- Generated by org.testng.reporters.JUnitReportReporter -->
<testsuite hostname="DESKTOP-F85V01K" failures="0" tests="1" name="Practice.Testclasss" time="9.199" errors="0" timestamp="2023-12-04T15:02:44 IST" skipped="0">
  <testcase classname="Practice.Testclasss" name="Testloginpage" time="9.199"/>
</testsuite> <!-- Practice.Testclasss -->
