<?xml version="1.0" encoding="UTF-8"?>
<!-- Generated by org.testng.reporters.JUnitReportReporter -->
<testsuite hostname="DESKTOP-F85V01K" failures="0" tests="1" name="seleniumExamples.GetAllLiknks" time="7.818" errors="0" timestamp="2023-12-04T14:14:22 IST" skipped="0">
  <testcase classname="seleniumExamples.GetAllLiknks" name="Testloginpage" time="7.818"/>
</testsuite> <!-- seleniumExamples.GetAllLiknks -->
