<?xml version="1.0" encoding="UTF-8"?>
<!-- Generated by org.testng.reporters.JUnitReportReporter -->
<testsuite hostname="DESKTOP-F85V01K" failures="0" tests="5" name="Practice.TestLoginPage" time="48.173" errors="0" timestamp="2023-12-03T22:54:46 IST" skipped="0">
  <testcase classname="Practice.TestLoginPage" name="Testloginpage" time="9.036"/>
  <testcase classname="Practice.TestLoginPage" name="Testloginpage" time="8.603"/>
  <testcase classname="Practice.TestLoginPage" name="Testloginpage" time="11.640"/>
  <testcase classname="Practice.TestLoginPage" name="Testloginpage" time="8.484"/>
  <testcase classname="Practice.TestLoginPage" name="Testloginpage" time="10.410"/>
</testsuite> <!-- Practice.TestLoginPage -->
