<?xml version="1.0" encoding="UTF-8"?>
<!-- Generated by org.testng.reporters.JUnitReportReporter -->
<testsuite hostname="DESKTOP-F85V01K" failures="0" tests="1" name="seleniumExamples.WorkWithTabsAndWindows" time="12.077" errors="0" timestamp="2023-12-04T16:49:11 IST" skipped="0">
  <testcase classname="seleniumExamples.WorkWithTabsAndWindows" name="Testloginpage" time="12.077"/>
</testsuite> <!-- seleniumExamples.WorkWithTabsAndWindows -->
