<?xml version="1.0" encoding="UTF-8"?>
<!-- Generated by org.testng.reporters.JUnitReportReporter -->
<testsuite hostname="DESKTOP-F85V01K" failures="0" tests="1" name="testScriptSelenium.Screenshitclass" time="6.611" errors="0" timestamp="2023-12-01T14:50:55 IST" skipped="0">
  <testcase classname="testScriptSelenium.Screenshitclass" name="Screenshot" time="6.611"/>
</testsuite> <!-- testScriptSelenium.Screenshitclass -->
