<?xml version="1.0" encoding="UTF-8"?>
<!-- Generated by org.testng.reporters.JUnitReportReporter -->
<testsuite hostname="DESKTOP-F85V01K" failures="0" tests="1" name="actionskeyword.DragAndDrop" time="6.687" errors="0" timestamp="2023-12-04T17:53:50 IST" skipped="0">
  <testcase classname="actionskeyword.DragAndDrop" name="testCase1" time="6.687"/>
</testsuite> <!-- actionskeyword.DragAndDrop -->
