<?xml version="1.0" encoding="UTF-8"?>
<!-- Generated by org.testng.reporters.JUnitReportReporter -->
<testsuite hostname="DESKTOP-F85V01K" failures="0" tests="1" name="Practice.JqueryuiPractice" time="6.387" errors="0" timestamp="2023-12-02T22:58:14 IST" skipped="0">
  <testcase classname="Practice.JqueryuiPractice" name="Automotive1" time="6.387"/>
</testsuite> <!-- Practice.JqueryuiPractice -->
