<?xml version="1.0" encoding="UTF-8"?>
<!-- Generated by org.testng.reporters.JUnitReportReporter -->
<testsuite hostname="DESKTOP-F85V01K" failures="0" tests="1" name="Fullscreenshotclass" time="14.432" errors="0" timestamp="2023-12-01T15:02:37 IST" skipped="0">
  <testcase classname="Fullscreenshotclass" name="Screenshot" time="14.432"/>
</testsuite> <!-- Fullscreenshotclass -->
