<?xml version="1.0" encoding="UTF-8"?>
<!-- Generated by org.testng.reporters.JUnitReportReporter -->
<testsuite hostname="DESKTOP-F85V01K" failures="0" tests="1" name="seleniumExamples.Snippet" time="7.538" errors="0" timestamp="2023-12-01T16:11:31 IST" skipped="0">
  <testcase classname="seleniumExamples.Snippet" name="testCase1" time="7.538"/>
</testsuite> <!-- seleniumExamples.Snippet -->
