<?xml version="1.0" encoding="UTF-8"?>
<!-- Generated by org.testng.reporters.JUnitReportReporter -->
<testsuite hostname="DESKTOP-F85V01K" failures="0" tests="1" name="properties.Propertiesjavaclass" time="0.007" errors="0" timestamp="2023-12-01T17:03:20 IST" skipped="0">
  <testcase classname="properties.Propertiesjavaclass" name="ReadProperies" time="0.007"/>
</testsuite> <!-- properties.Propertiesjavaclass -->
