<?xml version="1.0" encoding="UTF-8"?>
<!-- Generated by org.testng.reporters.JUnitReportReporter -->
<testsuite hostname="DESKTOP-F85V01K" failures="0" tests="1" name="Practice.Testclasss" time="29.925" errors="0" timestamp="2023-12-04T18:14:39 IST" skipped="0">
  <testcase classname="Practice.Testclasss" name="Testloginpage" time="29.925"/>
</testsuite> <!-- Practice.Testclasss -->
