<?xml version="1.0" encoding="UTF-8"?>
<!-- Generated by org.testng.reporters.JUnitReportReporter -->
<testsuite hostname="DESKTOP-F85V01K" failures="0" tests="5" name="Practice.TestLoginPage" time="36.517" errors="0" timestamp="2023-12-04T18:14:39 IST" skipped="0">
  <testcase classname="Practice.TestLoginPage" name="Testloginpage" time="7.552"/>
  <testcase classname="Practice.TestLoginPage" name="Testloginpage" time="6.806"/>
  <testcase classname="Practice.TestLoginPage" name="Testloginpage" time="7.139"/>
  <testcase classname="Practice.TestLoginPage" name="Testloginpage" time="7.136"/>
  <testcase classname="Practice.TestLoginPage" name="Testloginpage" time="7.884"/>
</testsuite> <!-- Practice.TestLoginPage -->
